<?xml version="1.0" encoding="UTF-8" ?>
<testsuite tests="9" failures="0" name="UHART.DBTest" time="6.82" errors="0" skipped="0">
  <properties>
[...]
</properties>
  <testcase classname="UHART.DBTest" name="UHART.DBTest.testMarkBillPaid" time="0.489"/>
  <testcase classname="UHART.DBTest" name="UHART.DBTest.testUserRetrieval" time="0.008"/>
  <testcase classname="UHART.DBTest" name="UHART.DBTest.testParsePatients" time="0.857"/>
  <testcase classname="UHART.DBTest" name="UHART.DBTest.testCreateDiagnosis" time="0.603"/>
  <testcase classname="UHART.DBTest" name="UHART.DBTest.testAdmitAndCheckOut" time="1.061"/>
  <testcase classname="UHART.DBTest" name="UHART.DBTest.testPatientRetrieval" time="1.639"/>
  <testcase classname="UHART.DBTest" name="UHART.DBTest.testCreateMedications" time="0.628"/>
  <testcase classname="UHART.DBTest" name="UHART.DBTest.testCreateTestProcedures" time="0.693"/>
  <testcase classname="UHART.DBTest" name="UHART.DBTest.testCreateProgressReports" time="0.842"/>
</testsuite>